app/build/outputs/logs/manifest-merger-debug-report.txt
-- Merging decision tree log ---
manifest
ADDED from src\main\AndroidManifest.xml:2:1-369:12
INJECTED from src\main\AndroidManifest.xml:2:1-369:12
INJECTED from src\main\AndroidManifest.xml:2:1-369:12
INJECTED from src\main\AndroidManifest.xml:2:1-369:12
MERGED from [com.android.databinding:adapters:3.1.3] AndroidManifest.xml:17:1-24:12
MERGED from [com.android.databinding:library:3.1.3] AndroidManifest.xml:17:1-24:12
MERGED from [com.android.support:multidex:1.0.2] AndroidManifest.xml:17:1-22:12
MERGED from [com.android.support:design:27.1.1] AndroidManifest.xml:17:1-22:12
MERGED from [com.andrognito.pinlockview:pinlockview:2.0.1] AndroidManifest.xml:2:1-13:12
MERGED from [com.github.atzcx:AppVerUpdater:1.0.10] AndroidManifest.xml:17:1-38:12
MERGED from [com.mlsdev.rximagepicker:library:2.0.2] AndroidManifest.xml:2:1-20:12
MERGED from [gun0912.ted:tedpermission:1.0.2] AndroidManifest.xml:2:1-15:12
MERGED from [com.android.support:appcompat-v7:27.1.1] AndroidManifest.xml:17:1-22:12
MERGED from [com.simplecityapps:recyclerview-fastscroll:1.0.16] AndroidManifest.xml:2:1-9:12
MERGED from [com.android.support:recyclerview-v7:27.1.1] AndroidManifest.xml:17:1-22:12
MERGED from [com.android.support:cardview-v7:27.1.1] AndroidManifest.xml:17:1-22:12
MERGED from [com.android.support:support-v4:27.1.1] AndroidManifest.xml:17:1-22:12
MERGED from [com.android.support.constraint:constraint-layout:1.1.0] AndroidManifest.xml:2:1-11:12
MERGED from [com.magnet:r2m-sdk-android:1.1.0] AndroidManifest.xml:2:1-38:12
MERGED from [com.koushikdutta.ion:ion:2.2.1] AndroidManifest.xml:2:1-16:12
MERGED from [com.github.bumptech.glide:glide:4.7.1] AndroidManifest.xml:2:1-13:12
MERGED from [com.jakewharton:butterknife:8.8.1] AndroidManifest.xml:2:1-7:12
MERGED from [com.android.support:support-fragment:27.1.1] AndroidManifest.xml:17:1-22:12
MERGED from [com.android.support:animated-vector-drawable:27.1.1] AndroidManifest.xml:17:1-22:12
MERGED from [com.android.support:support-core-ui:27.1.1] AndroidManifest.xml:17:1-22:12
MERGED from [com.android.support:transition:27.1.1] AndroidManifest.xml:17:1-22:12
MERGED from [com.android.support:support-media-compat:27.1.1] AndroidManifest.xml:17:1-22:12
MERGED from [com.android.support:support-core-utils:27.1.1] AndroidManifest.xml:17:1-22:12
MERGED from [com.android.support:support-vector-drawable:27.1.1] AndroidManifest.xml:17:1-22:12
MERGED from [com.android.support:support-compat:27.1.1] AndroidManifest.xml:17:1-22:12
MERGED from [android.arch.lifecycle:runtime:1.1.0] AndroidManifest.xml:17:1-22:12
MERGED from [com.github.bumptech.glide:gifdecoder:4.7.1] AndroidManifest.xml:2:1-11:12
MERGED from [android.arch.lifecycle:livedata-core:1.1.0] AndroidManifest.xml:17:1-22:12
MERGED from [android.arch.core:runtime:1.1.0] AndroidManifest.xml:17:1-22:12
MERGED from [com.mani:ThinDownloadManager:1.3.0] AndroidManifest.xml:2:1-11:12
MERGED from [io.reactivex.rxjava2:rxandroid:2.0.1] AndroidManifest.xml:15:1-21:12
MERGED from [com.koushikdutta.async:androidasync:2.2.1] AndroidManifest.xml:2:1-16:12
MERGED from [android.arch.lifecycle:viewmodel:1.1.0] AndroidManifest.xml:17:1-22:12
INJECTED from src\main\AndroidManifest.xml:2:1-369:12
INJECTED from src\main\AndroidManifest.xml:2:1-369:12
INJECTED from src\main\AndroidManifest.xml:2:1-369:12
	package
		ADDED from src\main\AndroidManifest.xml:3:5-39
		INJECTED from src\main\AndroidManifest.xml
		INJECTED from src\main\AndroidManifest.xml
	android:versionName
		ADDED from src\main\AndroidManifest.xml:5:5-30
		INJECTED from src\main\AndroidManifest.xml
		INJECTED from src\main\AndroidManifest.xml
	xmlns:android
		ADDED from src\main\AndroidManifest.xml:2:11-69
	android:versionCode
		ADDED from src\main\AndroidManifest.xml:4:5-28
		INJECTED from src\main\AndroidManifest.xml
		INJECTED from src\main\AndroidManifest.xml
supports-screens
ADDED from src\main\AndroidManifest.xml:7:5-14:40
	android:largeScreens
		ADDED from src\main\AndroidManifest.xml:9:9-36
	android:smallScreens
		ADDED from src\main\AndroidManifest.xml:13:9-36
	android:requiresSmallestWidthDp
		ADDED from src\main\AndroidManifest.xml:11:9-46
	android:normalScreens
		ADDED from src\main\AndroidManifest.xml:10:9-37
	android:xlargeScreens
		ADDED from src\main\AndroidManifest.xml:14:9-37
	android:resizeable
		ADDED from src\main\AndroidManifest.xml:12:9-34
	android:anyDensity
		ADDED from src\main\AndroidManifest.xml:8:9-34
uses-permission#android.permission.CAMERA
ADDED from src\main\AndroidManifest.xml:16:5-65
	android:name
		ADDED from src\main\AndroidManifest.xml:16:22-62
uses-permission#android.permission.INTERNET
ADDED from src\main\AndroidManifest.xml:17:5-67
MERGED from [com.magnet:r2m-sdk-android:1.1.0] AndroidManifest.xml:9:5-67
MERGED from [com.magnet:r2m-sdk-android:1.1.0] AndroidManifest.xml:9:5-67
MERGED from [com.koushikdutta.ion:ion:2.2.1] AndroidManifest.xml:11:5-67
MERGED from [com.koushikdutta.ion:ion:2.2.1] AndroidManifest.xml:11:5-67
MERGED from [com.koushikdutta.async:androidasync:2.2.1] AndroidManifest.xml:11:5-67
MERGED from [com.koushikdutta.async:androidasync:2.2.1] AndroidManifest.xml:11:5-67
	android:name
		ADDED from src\main\AndroidManifest.xml:17:22-64
uses-permission#android.permission.ACCESS_WIFI_STATE
ADDED from src\main\AndroidManifest.xml:19:5-76
	android:name
		ADDED from src\main\AndroidManifest.xml:19:22-73
uses-permission#android.permission.READ_PHONE_STATE
ADDED from src\main\AndroidManifest.xml:20:5-75
MERGED from [com.magnet:r2m-sdk-android:1.1.0] AndroidManifest.xml:10:5-75
MERGED from [com.magnet:r2m-sdk-android:1.1.0] AndroidManifest.xml:10:5-75
	android:name
		ADDED from src\main\AndroidManifest.xml:20:22-72
uses-permission#android.permission.ACCESS_NETWORK_STATE
ADDED from src\main\AndroidManifest.xml:21:5-79
	android:name
		ADDED from src\main\AndroidManifest.xml:21:22-76
uses-permission#android.permission.CHANGE_WIFI_STATE
ADDED from src\main\AndroidManifest.xml:22:5-76
	android:name
		ADDED from src\main\AndroidManifest.xml:22:22-73
uses-permission#android.permission.CHANGE_NETWORK_STATE
ADDED from src\main\AndroidManifest.xml:23:5-79
	android:name
		ADDED from src\main\AndroidManifest.xml:23:22-76
uses-permission#android.permission.RECEIVE_SMS
ADDED from src\main\AndroidManifest.xml:24:5-70
	android:name
		ADDED from src\main\AndroidManifest.xml:24:22-67
uses-permission#android.permission.READ_SMS
ADDED from src\main\AndroidManifest.xml:25:5-67
	android:name
		ADDED from src\main\AndroidManifest.xml:25:22-64
uses-permission#android.permission.WRITE_EXTERNAL_STORAGE
ADDED from src\main\AndroidManifest.xml:26:5-81
MERGED from [com.mlsdev.rximagepicker:library:2.0.2] AndroidManifest.xml:11:5-81
MERGED from [com.mlsdev.rximagepicker:library:2.0.2] AndroidManifest.xml:11:5-81
MERGED from [com.magnet:r2m-sdk-android:1.1.0] AndroidManifest.xml:11:5-81
MERGED from [com.magnet:r2m-sdk-android:1.1.0] AndroidManifest.xml:11:5-81
	android:name
		ADDED from src\main\AndroidManifest.xml:26:22-78
uses-permission#android.permission.READ_EXTERNAL_STORAGE
ADDED from src\main\AndroidManifest.xml:27:5-80
	android:name
		ADDED from src\main\AndroidManifest.xml:27:22-77
application
ADDED from src\main\AndroidManifest.xml:28:5-367:19
MERGED from [com.andrognito.pinlockview:pinlockview:2.0.1] AndroidManifest.xml:11:5-53
MERGED from [com.andrognito.pinlockview:pinlockview:2.0.1] AndroidManifest.xml:11:5-53
MERGED from [com.github.atzcx:AppVerUpdater:1.0.10] AndroidManifest.xml:26:5-36:19
MERGED from [com.github.atzcx:AppVerUpdater:1.0.10] AndroidManifest.xml:26:5-36:19
MERGED from [com.mlsdev.rximagepicker:library:2.0.2] AndroidManifest.xml:13:5-18:19
MERGED from [com.mlsdev.rximagepicker:library:2.0.2] AndroidManifest.xml:13:5-18:19
MERGED from [gun0912.ted:tedpermission:1.0.2] AndroidManifest.xml:9:5-13:19
MERGED from [gun0912.ted:tedpermission:1.0.2] AndroidManifest.xml:9:5-13:19
MERGED from [com.android.support.constraint:constraint-layout:1.1.0] AndroidManifest.xml:9:5-20
MERGED from [com.android.support.constraint:constraint-layout:1.1.0] AndroidManifest.xml:9:5-20
MERGED from [com.magnet:r2m-sdk-android:1.1.0] AndroidManifest.xml:13:5-36:19
MERGED from [com.magnet:r2m-sdk-android:1.1.0] AndroidManifest.xml:13:5-36:19
MERGED from [com.koushikdutta.ion:ion:2.2.1] AndroidManifest.xml:13:5-14:19
MERGED from [com.koushikdutta.ion:ion:2.2.1] AndroidManifest.xml:13:5-14:19
MERGED from [com.github.bumptech.glide:glide:4.7.1] AndroidManifest.xml:11:5-20
MERGED from [com.github.bumptech.glide:glide:4.7.1] AndroidManifest.xml:11:5-20
MERGED from [com.github.bumptech.glide:gifdecoder:4.7.1] AndroidManifest.xml:9:5-20
MERGED from [com.github.bumptech.glide:gifdecoder:4.7.1] AndroidManifest.xml:9:5-20
MERGED from [com.koushikdutta.async:androidasync:2.2.1] AndroidManifest.xml:13:5-14:19
MERGED from [com.koushikdutta.async:androidasync:2.2.1] AndroidManifest.xml:13:5-14:19
	android:supportsRtl
		ADDED from src\main\AndroidManifest.xml:32:9-35
	android:label
		ADDED from src\main\AndroidManifest.xml:30:9-41
	android:largeHeap
		ADDED from src\main\AndroidManifest.xml:31:9-33
	android:icon
		ADDED from src\main\AndroidManifest.xml:29:9-43
	android:theme
		ADDED from src\main\AndroidManifest.xml:33:9-40
activity#kdmc_kumar.Initialization.Initialization
ADDED from src\main\AndroidManifest.xml:36:9-45:20
	android:label
		ADDED from src\main\AndroidManifest.xml:38:13-45
	android:theme
		ADDED from src\main\AndroidManifest.xml:39:13-56
	android:name
		ADDED from src\main\AndroidManifest.xml:37:13-68
intent-filter#action:name:android.intent.action.MAIN+category:name:android.intent.category.LAUNCHER
ADDED from src\main\AndroidManifest.xml:40:13-44:29
action#android.intent.action.MAIN
ADDED from src\main\AndroidManifest.xml:41:17-69
	android:name
		ADDED from src\main\AndroidManifest.xml:41:25-66
category#android.intent.category.LAUNCHER
ADDED from src\main\AndroidManifest.xml:43:17-77
	android:name
		ADDED from src\main\AndroidManifest.xml:43:27-74
activity#kdmc_kumar.Doctor_Modules.Login
ADDED from src\main\AndroidManifest.xml:46:9-49:57
	android:windowSoftInputMode
		ADDED from src\main\AndroidManifest.xml:49:13-54
	android:theme
		ADDED from src\main\AndroidManifest.xml:48:13-56
	android:name
		ADDED from src\main\AndroidManifest.xml:47:13-59
activity#kdmc_kumar.Adapters_GetterSetter.DashboardAdapter.Dashboard_NavigationMenu
ADDED from src\main\AndroidManifest.xml:50:9-53:70
	android:windowSoftInputMode
		ADDED from src\main\AndroidManifest.xml:53:13-67
	android:theme
		ADDED from src\main\AndroidManifest.xml:52:13-56
	android:name
		ADDED from src\main\AndroidManifest.xml:51:13-102
activity#kdmc_kumar.Drug_Directory.Cims
ADDED from src\main\AndroidManifest.xml:54:9-58:70
	android:screenOrientation
		ADDED from src\main\AndroidManifest.xml:56:13-49
	android:windowSoftInputMode
		ADDED from src\main\AndroidManifest.xml:58:13-67
	android:theme
		ADDED from src\main\AndroidManifest.xml:57:13-56
	android:name
		ADDED from src\main\AndroidManifest.xml:55:13-58
activity#kdmc_kumar.Drug_Directory.Cims_Display
ADDED from src\main\AndroidManifest.xml:59:9-63:70
	android:screenOrientation
		ADDED from src\main\AndroidManifest.xml:61:13-49
	android:windowSoftInputMode
		ADDED from src\main\AndroidManifest.xml:63:13-67
	android:theme
		ADDED from src\main\AndroidManifest.xml:62:13-56
	android:name
		ADDED from src\main\AndroidManifest.xml:60:13-66
activity#kdmc_kumar.Core_Modules.ClinicalInformation
ADDED from src\main\AndroidManifest.xml:64:9-68:70
	android:screenOrientation
		ADDED from src\main\AndroidManifest.xml:66:13-49
	android:windowSoftInputMode
		ADDED from src\main\AndroidManifest.xml:68:13-67
	android:theme
		ADDED from src\main\AndroidManifest.xml:67:13-56
	android:name
		ADDED from src\main\AndroidManifest.xml:65:13-71
activity#kdmc_kumar.Core_Modules.Investigations
ADDED from src\main\AndroidManifest.xml:69:9-73:70
	android:screenOrientation
		ADDED from src\main\AndroidManifest.xml:71:13-49
	android:windowSoftInputMode
		ADDED from src\main\AndroidManifest.xml:73:13-67
	android:theme
		ADDED from src\main\AndroidManifest.xml:72:13-56
	android:name
		ADDED from src\main\AndroidManifest.xml:70:13-66
activity#kdmc_kumar.Core_Modules.DoctorReferral
ADDED from src\main\AndroidManifest.xml:74:9-78:70
	android:screenOrientation
		ADDED from src\main\AndroidManifest.xml:76:13-49
	android:windowSoftInputMode
		ADDED from src\main\AndroidManifest.xml:78:13-67
	android:theme
		ADDED from src\main\AndroidManifest.xml:77:13-56
	android:name
		ADDED from src\main\AndroidManifest.xml:75:13-66
activity#kdmc_kumar.CaseNotes_Modules.CaseNotes
ADDED from src\main\AndroidManifest.xml:79:9-83:70
	android:screenOrientation
		ADDED from src\main\AndroidManifest.xml:81:13-49
	android:windowSoftInputMode
		ADDED from src\main\AndroidManifest.xml:83:13-67
	android:theme
		ADDED from src\main\AndroidManifest.xml:82:13-56
	android:name
		ADDED from src\main\AndroidManifest.xml:80:13-66
activity#kdmc_kumar.Core_Modules.Patient_Registration
ADDED from src\main\AndroidManifest.xml:85:9-89:70
	android:screenOrientation
		ADDED from src\main\AndroidManifest.xml:87:13-49
	android:windowSoftInputMode
		ADDED from src\main\AndroidManifest.xml:89:13-67
	android:theme
		ADDED from src\main\AndroidManifest.xml:88:13-56
	android:name
		ADDED from src\main\AndroidManifest.xml:86:13-72
activity#kdmc_kumar.Core_Modules.MedicinePrescription
ADDED from src\main\AndroidManifest.xml:91:9-95:70
	android:screenOrientation
		ADDED from src\main\AndroidManifest.xml:93:13-49
	android:windowSoftInputMode
		ADDED from src\main\AndroidManifest.xml:95:13-67
	android:theme
		ADDED from src\main\AndroidManifest.xml:94:13-56
	android:name
		ADDED from src\main\AndroidManifest.xml:92:13-72
activity#kdmc_kumar.Doctor_Modules.ChangePassword
ADDED from src\main\AndroidManifest.xml:98:9-102:70
	android:screenOrientation
		ADDED from src\main\AndroidManifest.xml:100:13-49
	android:windowSoftInputMode
		ADDED from src\main\AndroidManifest.xml:102:13-67
	android:theme
		ADDED from src\main\AndroidManifest.xml:101:13-56
	android:name
		ADDED from src\main\AndroidManifest.xml:99:13-68
activity#kdmc_kumar.Core_Modules.MyPatient
ADDED from src\main\AndroidManifest.xml:103:9-108:70
	android:screenOrientation
		ADDED from src\main\AndroidManifest.xml:106:13-49
	android:label
		ADDED from src\main\AndroidManifest.xml:105:13-62
	android:windowSoftInputMode
		ADDED from src\main\AndroidManifest.xml:108:13-67
	android:theme
		ADDED from src\main\AndroidManifest.xml:107:13-56
	android:name
		ADDED from src\main\AndroidManifest.xml:104:13-61
activity#kdmc_kumar.Doctor_Modules.SettingActivity
ADDED from src\main\AndroidManifest.xml:109:9-113:70
	android:screenOrientation
		ADDED from src\main\AndroidManifest.xml:112:13-49
	android:label
		ADDED from src\main\AndroidManifest.xml:111:13-59
	android:windowSoftInputMode
		ADDED from src\main\AndroidManifest.xml:113:13-67
	android:name
		ADDED from src\main\AndroidManifest.xml:110:13-69
activity#kdmc_kumar.Reports.ReportsActivity
ADDED from src\main\AndroidManifest.xml:114:9-118:70
	android:screenOrientation
		ADDED from src\main\AndroidManifest.xml:117:13-49
	android:label
		ADDED from src\main\AndroidManifest.xml:116:13-59
	android:windowSoftInputMode
		ADDED from src\main\AndroidManifest.xml:118:13-67
	android:name
		ADDED from src\main\AndroidManifest.xml:115:13-62
activity#kdmc_kumar.Reports.Report_daily_consulation
ADDED from src\main\AndroidManifest.xml:119:9-123:70
	android:screenOrientation
		ADDED from src\main\AndroidManifest.xml:122:13-49
	android:label
		ADDED from src\main\AndroidManifest.xml:121:13-76
	android:windowSoftInputMode
		ADDED from src\main\AndroidManifest.xml:123:13-67
	android:name
		ADDED from src\main\AndroidManifest.xml:120:13-71
activity#kdmc_kumar.Reports.Report_fee_collection
ADDED from src\main\AndroidManifest.xml:124:9-128:70
	android:screenOrientation
		ADDED from src\main\AndroidManifest.xml:127:13-49
	android:label
		ADDED from src\main\AndroidManifest.xml:126:13-73
	android:windowSoftInputMode
		ADDED from src\main\AndroidManifest.xml:128:13-67
	android:name
		ADDED from src\main\AndroidManifest.xml:125:13-68
activity#kdmc_kumar.Reports.Report_list_of_test_prescribed
ADDED from src\main\AndroidManifest.xml:129:9-133:70
	android:screenOrientation
		ADDED from src\main\AndroidManifest.xml:132:13-49
	android:label
		ADDED from src\main\AndroidManifest.xml:131:13-83
	android:windowSoftInputMode
		ADDED from src\main\AndroidManifest.xml:133:13-67
	android:name
		ADDED from src\main\AndroidManifest.xml:130:13-77
activity#kdmc_kumar.Reports.Report_list_of_medicine_prescribed
ADDED from src\main\AndroidManifest.xml:134:9-138:70
	android:screenOrientation
		ADDED from src\main\AndroidManifest.xml:137:13-49
	android:label
		ADDED from src\main\AndroidManifest.xml:136:13-87
	android:windowSoftInputMode
		ADDED from src\main\AndroidManifest.xml:138:13-67
	android:name
		ADDED from src\main\AndroidManifest.xml:135:13-81
activity#kdmc_kumar.Reports.Report_list_of_doctorreferral
ADDED from src\main\AndroidManifest.xml:139:9-143:70
	android:screenOrientation
		ADDED from src\main\AndroidManifest.xml:142:13-49
	android:label
		ADDED from src\main\AndroidManifest.xml:141:13-73
	android:windowSoftInputMode
		ADDED from src\main\AndroidManifest.xml:143:13-67
	android:name
		ADDED from src\main\AndroidManifest.xml:140:13-76
activity#kdmc_kumar.Reports.Report_newpatient_consulation
ADDED from src\main\AndroidManifest.xml:144:9-148:70
	android:screenOrientation
		ADDED from src\main\AndroidManifest.xml:147:13-49
	android:label
		ADDED from src\main\AndroidManifest.xml:146:13-78
	android:windowSoftInputMode
		ADDED from src\main\AndroidManifest.xml:148:13-67
	android:name
		ADDED from src\main\AndroidManifest.xml:145:13-76
activity#kdmc_kumar.CaseNotes_Charts_new.Chart_Bar_BloodSugar
ADDED from src\main\AndroidManifest.xml:149:9-153:70
	android:screenOrientation
		ADDED from src\main\AndroidManifest.xml:151:13-49
	android:windowSoftInputMode
		ADDED from src\main\AndroidManifest.xml:153:13-67
	android:theme
		ADDED from src\main\AndroidManifest.xml:152:13-56
	android:name
		ADDED from src\main\AndroidManifest.xml:150:13-80
activity#kdmc_kumar.CaseNotes_Charts_new.Chart_Bar_BloodPressure
ADDED from src\main\AndroidManifest.xml:154:9-158:70
	android:screenOrientation
		ADDED from src\main\AndroidManifest.xml:156:13-49
	android:windowSoftInputMode
		ADDED from src\main\AndroidManifest.xml:158:13-67
	android:theme
		ADDED from src\main\AndroidManifest.xml:157:13-56
	android:name
		ADDED from src\main\AndroidManifest.xml:155:13-83
activity#kdmc_kumar.CaseNotes_Charts_new.Chart_Bar_Weight
ADDED from src\main\AndroidManifest.xml:159:9-163:70
	android:screenOrientation
		ADDED from src\main\AndroidManifest.xml:161:13-49
	android:windowSoftInputMode
		ADDED from src\main\AndroidManifest.xml:163:13-67
	android:theme
		ADDED from src\main\AndroidManifest.xml:162:13-56
	android:name
		ADDED from src\main\AndroidManifest.xml:160:13-76
activity#kdmc_kumar.CaseNotes_Charts_new.Chart_Line_BloodPressure
ADDED from src\main\AndroidManifest.xml:164:9-168:70
	android:screenOrientation
		ADDED from src\main\AndroidManifest.xml:166:13-49
	android:windowSoftInputMode
		ADDED from src\main\AndroidManifest.xml:168:13-67
	android:theme
		ADDED from src\main\AndroidManifest.xml:167:13-56
	android:name
		ADDED from src\main\AndroidManifest.xml:165:13-84
activity#kdmc_kumar.CaseNotes_Charts_new.Chart_Line_Weight
ADDED from src\main\AndroidManifest.xml:169:9-173:70
	android:screenOrientation
		ADDED from src\main\AndroidManifest.xml:171:13-49
	android:windowSoftInputMode
		ADDED from src\main\AndroidManifest.xml:173:13-67
	android:theme
		ADDED from src\main\AndroidManifest.xml:172:13-56
	android:name
		ADDED from src\main\AndroidManifest.xml:170:13-77
activity#kdmc_kumar.CaseNotes_Charts_new.Chart_Line_BloodSugar
ADDED from src\main\AndroidManifest.xml:174:9-178:70
	android:screenOrientation
		ADDED from src\main\AndroidManifest.xml:176:13-49
	android:windowSoftInputMode
		ADDED from src\main\AndroidManifest.xml:178:13-67
	android:theme
		ADDED from src\main\AndroidManifest.xml:177:13-56
	android:name
		ADDED from src\main\AndroidManifest.xml:175:13-81
activity#kdmc_kumar.Inpatient_Module.Inpatient_Charts.Chart_Bar_Inpatient
ADDED from src\main\AndroidManifest.xml:180:9-184:70
	android:screenOrientation
		ADDED from src\main\AndroidManifest.xml:182:13-49
	android:windowSoftInputMode
		ADDED from src\main\AndroidManifest.xml:184:13-67
	android:theme
		ADDED from src\main\AndroidManifest.xml:183:13-56
	android:name
		ADDED from src\main\AndroidManifest.xml:181:13-92
activity#kdmc_kumar.Inpatient_Module.Inpatient_Charts.Chart_Line_Inpatient
ADDED from src\main\AndroidManifest.xml:185:9-189:70
	android:screenOrientation
		ADDED from src\main\AndroidManifest.xml:187:13-49
	android:windowSoftInputMode
		ADDED from src\main\AndroidManifest.xml:189:13-67
	android:theme
		ADDED from src\main\AndroidManifest.xml:188:13-56
	android:name
		ADDED from src\main\AndroidManifest.xml:186:13-93
activity#kdmc_kumar.Inpatient_Module.Inpatient_Charts.Chart_Bar_DiabeticChart
ADDED from src\main\AndroidManifest.xml:190:9-194:70
	android:screenOrientation
		ADDED from src\main\AndroidManifest.xml:192:13-49
	android:windowSoftInputMode
		ADDED from src\main\AndroidManifest.xml:194:13-67
	android:theme
		ADDED from src\main\AndroidManifest.xml:193:13-56
	android:name
		ADDED from src\main\AndroidManifest.xml:191:13-96
activity#kdmc_kumar.Inpatient_Module.Inpatient_Charts.Chart_Line_DiabeticChart
ADDED from src\main\AndroidManifest.xml:195:9-199:70
	android:screenOrientation
		ADDED from src\main\AndroidManifest.xml:197:13-49
	android:windowSoftInputMode
		ADDED from src\main\AndroidManifest.xml:199:13-67
	android:theme
		ADDED from src\main\AndroidManifest.xml:198:13-56
	android:name
		ADDED from src\main\AndroidManifest.xml:196:13-97
activity#kdmc_kumar.Inpatient_Module.Inpatient_Charts.Chart_Bar_TemperatureChart
ADDED from src\main\AndroidManifest.xml:200:9-204:70
	android:screenOrientation
		ADDED from src\main\AndroidManifest.xml:202:13-49
	android:windowSoftInputMode
		ADDED from src\main\AndroidManifest.xml:204:13-67
	android:theme
		ADDED from src\main\AndroidManifest.xml:203:13-56
	android:name
		ADDED from src\main\AndroidManifest.xml:201:13-99
activity#kdmc_kumar.Inpatient_Module.Inpatient_Charts.Chart_Line_TemperatureChart
ADDED from src\main\AndroidManifest.xml:205:9-209:70
	android:screenOrientation
		ADDED from src\main\AndroidManifest.xml:207:13-49
	android:windowSoftInputMode
		ADDED from src\main\AndroidManifest.xml:209:13-67
	android:theme
		ADDED from src\main\AndroidManifest.xml:208:13-56
	android:name
		ADDED from src\main\AndroidManifest.xml:206:13-100
activity#kdmc_kumar.Inpatient_Module.Inpatient_Charts.Chart_Bar_InputChart
ADDED from src\main\AndroidManifest.xml:210:9-214:70
	android:screenOrientation
		ADDED from src\main\AndroidManifest.xml:212:13-49
	android:windowSoftInputMode
		ADDED from src\main\AndroidManifest.xml:214:13-67
	android:theme
		ADDED from src\main\AndroidManifest.xml:213:13-56
	android:name
		ADDED from src\main\AndroidManifest.xml:211:13-93
activity#kdmc_kumar.Inpatient_Module.Inpatient_Charts.Chart_Line_InputChart
ADDED from src\main\AndroidManifest.xml:215:9-219:70
	android:screenOrientation
		ADDED from src\main\AndroidManifest.xml:217:13-49
	android:windowSoftInputMode
		ADDED from src\main\AndroidManifest.xml:219:13-67
	android:theme
		ADDED from src\main\AndroidManifest.xml:218:13-56
	android:name
		ADDED from src\main\AndroidManifest.xml:216:13-94
activity#kdmc_kumar.Inpatient_Module.Inpatient_Charts.Chart_Bar_OutputChart
ADDED from src\main\AndroidManifest.xml:220:9-224:70
	android:screenOrientation
		ADDED from src\main\AndroidManifest.xml:222:13-49
	android:windowSoftInputMode
		ADDED from src\main\AndroidManifest.xml:224:13-67
	android:theme
		ADDED from src\main\AndroidManifest.xml:223:13-56
	android:name
		ADDED from src\main\AndroidManifest.xml:221:13-94
activity#kdmc_kumar.Inpatient_Module.Inpatient_Charts.Chart_Line_OutputChart
ADDED from src\main\AndroidManifest.xml:225:9-229:70
	android:screenOrientation
		ADDED from src\main\AndroidManifest.xml:227:13-49
	android:windowSoftInputMode
		ADDED from src\main\AndroidManifest.xml:229:13-67
	android:theme
		ADDED from src\main\AndroidManifest.xml:228:13-56
	android:name
		ADDED from src\main\AndroidManifest.xml:226:13-95
activity#kdmc_kumar.Masters_Modules.templates_list
ADDED from src\main\AndroidManifest.xml:231:9-236:70
	android:screenOrientation
		ADDED from src\main\AndroidManifest.xml:234:13-49
	android:label
		ADDED from src\main\AndroidManifest.xml:233:13-66
	android:windowSoftInputMode
		ADDED from src\main\AndroidManifest.xml:236:13-67
	android:theme
		ADDED from src\main\AndroidManifest.xml:235:13-56
	android:name
		ADDED from src\main\AndroidManifest.xml:232:13-69
activity#kdmc_kumar.Masters_Modules.templates_addnew
ADDED from src\main\AndroidManifest.xml:237:9-242:70
	android:screenOrientation
		ADDED from src\main\AndroidManifest.xml:240:13-49
	android:label
		ADDED from src\main\AndroidManifest.xml:239:13-65
	android:windowSoftInputMode
		ADDED from src\main\AndroidManifest.xml:242:13-67
	android:theme
		ADDED from src\main\AndroidManifest.xml:241:13-56
	android:name
		ADDED from src\main\AndroidManifest.xml:238:13-71
activity#kdmc_kumar.Masters_Modules.Masters_New
ADDED from src\main\AndroidManifest.xml:243:9-248:70
	android:screenOrientation
		ADDED from src\main\AndroidManifest.xml:246:13-49
	android:label
		ADDED from src\main\AndroidManifest.xml:245:13-65
	android:windowSoftInputMode
		ADDED from src\main\AndroidManifest.xml:248:13-67
	android:theme
		ADDED from src\main\AndroidManifest.xml:247:13-56
	android:name
		ADDED from src\main\AndroidManifest.xml:244:13-66
activity#kdmc_kumar.Utilities_Others.CropImage
ADDED from src\main\AndroidManifest.xml:249:9-252:70
	android:screenOrientation
		ADDED from src\main\AndroidManifest.xml:251:13-49
	android:windowSoftInputMode
		ADDED from src\main\AndroidManifest.xml:252:13-67
	android:name
		ADDED from src\main\AndroidManifest.xml:250:13-65
activity#kdmc_kumar.Webservices_NodeJSON.Investigation_TestList.Investigation_ExpandableTestList
ADDED from src\main\AndroidManifest.xml:253:9-257:70
	android:screenOrientation
		ADDED from src\main\AndroidManifest.xml:255:13-49
	android:windowSoftInputMode
		ADDED from src\main\AndroidManifest.xml:257:13-67
	android:theme
		ADDED from src\main\AndroidManifest.xml:256:13-74
	android:name
		ADDED from src\main\AndroidManifest.xml:254:13-115
activity#kdmc_kumar.Core_Modules.OnlineConsultation
ADDED from src\main\AndroidManifest.xml:258:9-262:70
	android:screenOrientation
		ADDED from src\main\AndroidManifest.xml:260:13-49
	android:windowSoftInputMode
		ADDED from src\main\AndroidManifest.xml:262:13-67
	android:theme
		ADDED from src\main\AndroidManifest.xml:261:13-69
	android:name
		ADDED from src\main\AndroidManifest.xml:259:13-70
activity#kdmc_kumar.Core_Modules.OnlineConsultation_Details
ADDED from src\main\AndroidManifest.xml:263:9-267:70
	android:screenOrientation
		ADDED from src\main\AndroidManifest.xml:265:13-49
	android:windowSoftInputMode
		ADDED from src\main\AndroidManifest.xml:267:13-67
	android:theme
		ADDED from src\main\AndroidManifest.xml:266:13-69
	android:name
		ADDED from src\main\AndroidManifest.xml:264:13-78
activity#kdmc_kumar.Core_Modules.CloudData
ADDED from src\main\AndroidManifest.xml:268:9-272:70
	android:screenOrientation
		ADDED from src\main\AndroidManifest.xml:270:13-49
	android:windowSoftInputMode
		ADDED from src\main\AndroidManifest.xml:272:13-67
	android:theme
		ADDED from src\main\AndroidManifest.xml:271:13-69
	android:name
		ADDED from src\main\AndroidManifest.xml:269:13-61
activity#kdmc_kumar.Inpatient_Module.AddDietActivity
ADDED from src\main\AndroidManifest.xml:273:9-276:70
	android:windowSoftInputMode
		ADDED from src\main\AndroidManifest.xml:276:13-67
	android:theme
		ADDED from src\main\AndroidManifest.xml:275:13-56
	android:name
		ADDED from src\main\AndroidManifest.xml:274:13-71
activity#kdmc_kumar.Inpatient_Module.Inpatient_List
ADDED from src\main\AndroidManifest.xml:277:9-282:70
	android:screenOrientation
		ADDED from src\main\AndroidManifest.xml:280:13-49
	android:label
		ADDED from src\main\AndroidManifest.xml:279:13-38
	android:windowSoftInputMode
		ADDED from src\main\AndroidManifest.xml:282:13-67
	android:theme
		ADDED from src\main\AndroidManifest.xml:281:13-56
	android:name
		ADDED from src\main\AndroidManifest.xml:278:13-70
activity#kdmc_kumar.Inpatient_Module.Inpatient_Detailed_View
ADDED from src\main\AndroidManifest.xml:283:9-287:70
	android:label
		ADDED from src\main\AndroidManifest.xml:285:13-70
	android:windowSoftInputMode
		ADDED from src\main\AndroidManifest.xml:287:13-67
	android:theme
		ADDED from src\main\AndroidManifest.xml:286:13-69
	android:name
		ADDED from src\main\AndroidManifest.xml:284:13-79
activity#kdmc_kumar.Adapters_GetterSetter.DietAdapter
ADDED from src\main\AndroidManifest.xml:288:9-290:70
	android:windowSoftInputMode
		ADDED from src\main\AndroidManifest.xml:290:13-67
	android:name
		ADDED from src\main\AndroidManifest.xml:289:13-72
activity#kdmc_kumar.Doctor_Modules.Splash_Screen
ADDED from src\main\AndroidManifest.xml:291:9-294:70
	android:windowSoftInputMode
		ADDED from src\main\AndroidManifest.xml:294:13-67
	android:theme
		ADDED from src\main\AndroidManifest.xml:293:13-56
	android:name
		ADDED from src\main\AndroidManifest.xml:292:13-67
activity#kdmc_kumar.Inpatient_Module.OperationTheater
ADDED from src\main\AndroidManifest.xml:295:9-298:70
	android:label
		ADDED from src\main\AndroidManifest.xml:297:13-46
	android:windowSoftInputMode
		ADDED from src\main\AndroidManifest.xml:298:13-67
	android:name
		ADDED from src\main\AndroidManifest.xml:296:13-72
activity#kdmc_kumar.Inpatient_Module.OperationReport
ADDED from src\main\AndroidManifest.xml:299:9-302:70